Arguments: 
  C:\Program Files\nodejs\node.exe C:\Program Files (x86)\Yarn\bin\yarn.js init

PATH: 
  C:\Users\Daniela\bin;C:\Program Files\Git\mingw64\bin;C:\Program Files\Git\usr\local\bin;C:\Program Files\Git\usr\bin;C:\Program Files\Git\usr\bin;C:\Program Files\Git\mingw64\bin;C:\Program Files\Git\usr\bin;C:\Users\Daniela\bin;C:\Windows\system32;C:\Windows;C:\Windows\System32\Wbem;C:\Windows\System32\WindowsPowerShell\v1.0;C:\Program Files (x86)\Skype\Phone;C:\Program Files (x86)\NVIDIA Corporation\PhysX\Common;C:\Program Files\Geth;C:\wamp64\bin\php\php5.6.25;C:\ProgramData\ComposerSetup\bin;C:\Program Files\nodejs;C:\Program Files (x86)\Yarn\bin;C:\Users\Daniela\AppData\Local\Microsoft\WindowsApps;C:\Program Files\Heroku\bin;C:\Program Files\Git\usr\sbin\;C:\Users\Daniela\AppData\Roaming\Composer\vendor\bin;C:\Users\Daniela\AppData\Roaming\npm;C:\Users\Daniela\AppData\Local\Yarn\bin;C:\wamp64\www;C:\Program Files\MongoDB\Server\3.4\bin;C:\Program Files\Git\usr\bin\vendor_perl;C:\Program Files\Git\usr\bin\core_perl

Yarn version: 
  1.0.1

Node version: 
  8.4.0

Platform: 
  win32 x64

npm manifest: 
  No manifest

yarn manifest: 
  No manifest

Lockfile: 
  No lockfile

Trace: 
  Error: Can't answer a question unless a user TTY
      at ConsoleReporter.question (C:\Program Files (x86)\Yarn\lib\cli.js:85312:59)
      at Object.<anonymous> (C:\Program Files (x86)\Yarn\lib\cli.js:79946:38)
      at Generator.next (<anonymous>)
      at step (C:\Program Files (x86)\Yarn\lib\cli.js:92:30)
      at C:\Program Files (x86)\Yarn\lib\cli.js:103:13
      at <anonymous>
